<?xml version="1.0" encoding="UTF-8"?>
<coverage generated="1619647227610" clover="3.2.0">
  <project timestamp="1619647227610" name="All files">
    <metrics statements="6" coveredstatements="6" conditionals="4" coveredconditionals="4" methods="1" coveredmethods="1" elements="11" coveredelements="11" complexity="0" loc="6" ncloc="6" packages="1" files="1" classes="1"/>
    <file name="index.ts" path="C:\Users\rbrzegowy\OneDrive - Wyższa Szkoła Ekonomii i Informatyki w Krakowie\Dydaktyka\Typescript\k5\testy - ciąg fibonacciego\index.ts">
      <metrics statements="6" coveredstatements="6" conditionals="4" coveredconditionals="4" methods="1" coveredmethods="1"/>
      <line num="1" count="1" type="stmt"/>
      <line num="3" count="27" type="cond" truecount="2" falsecount="0"/>
      <line num="4" count="6" type="stmt"/>
      <line num="6" count="21" type="cond" truecount="2" falsecount="0"/>
      <line num="7" count="9" type="stmt"/>
      <line num="9" count="12" type="stmt"/>
    </file>
  </project>
</coverage>
