{"C:\\Users\\rbrzegowy\\OneDrive - Wyższa Szkoła Ekonomii i Informatyki w Krakowie\\Dydaktyka\\Typescript\\k5\\testy - ciąg fibonacciego\\index.ts": {"path":"C:\\Users\\rbrzegowy\\OneDrive - Wyższa Szkoła Ekonomii i Informatyki w Krakowie\\Dydaktyka\\Typescript\\k5\\testy - ciąg fibonacciego\\index.ts","statementMap":{"0":{"start":{"line":3,"column":8},"end":{"line":5,"column":null}},"1":{"start":{"line":4,"column":12},"end":{"line":4,"column":21}},"2":{"start":{"line":6,"column":8},"end":{"line":8,"column":null}},"3":{"start":{"line":7,"column":12},"end":{"line":7,"column":21}},"4":{"start":{"line":9,"column":8},"end":{"line":9,"column":61}},"5":{"start":{"line":1,"column":0},"end":{"line":1,"column":13}}},"fnMap":{"0":{"name":"(anonymous_0)","decl":{"start":{"line":2,"column":4},"end":{"line":2,"column":13}},"loc":{"start":{"line":2,"column":23},"end":{"line":10,"column":5}}}},"branchMap":{"0":{"loc":{"start":{"line":3,"column":8},"end":{"line":5,"column":null}},"type":"if","locations":[{"start":{"line":3,"column":8},"end":{"line":5,"column":null}},{"start":{"line":3,"column":8},"end":{"line":5,"column":null}}]},"1":{"loc":{"start":{"line":6,"column":8},"end":{"line":8,"column":null}},"type":"if","locations":[{"start":{"line":6,"column":8},"end":{"line":8,"column":null}},{"start":{"line":6,"column":8},"end":{"line":8,"column":null}}]}},"s":{"0":27,"1":6,"2":21,"3":9,"4":12,"5":1},"f":{"0":27},"b":{"0":[6,21],"1":[9,12]}}
}
